0 info it worked if it ends with ok
1 verbose cli [ 'C:\\Program Files\\nodejs\\node.exe',
1 verbose cli   'C:\\Users\\gconcha\\AppData\\Roaming\\npm\\node_modules\\npm\\bin\\npm-cli.js',
1 verbose cli   'start' ]
2 info using npm@3.5.2
3 info using node@v4.3.1
4 verbose run-script [ 'prestart', 'start', 'poststart' ]
5 info lifecycle hadrone-web@0.0.0~prestart: hadrone-web@0.0.0
6 silly lifecycle hadrone-web@0.0.0~prestart: no script for prestart, continuing
7 info lifecycle hadrone-web@0.0.0~start: hadrone-web@0.0.0
8 verbose lifecycle hadrone-web@0.0.0~start: unsafe-perm in lifecycle true
9 verbose lifecycle hadrone-web@0.0.0~start: PATH: C:\Users\gconcha\AppData\Roaming\npm\node_modules\npm\bin\node-gyp-bin;C:\Users\gconcha\Programación\Electron\HadroneWeb\node_modules\.bin;C:\Program Files\ConEmu;C:\Program Files\ConEmu\ConEmu;C:\ProgramData\Oracle\Java\javapath;C:\oracle\product\11.2.0\dbhome_1\bin;C:\Windows\system32;C:\Windows;C:\Windows\System32\Wbem;C:\Windows\System32\WindowsPowerShell\v1.0\;%intel%\DMIX;C:\Program Files (x86)\Common Files\Ulead Systems\MPEG;%intel%\Services\IPT\;C:\Program Files (x86)\Symantec\VIP Access Client\;C:\SWTOOLS\ReadyApps;C:\PROGRA~2\ULTRAE~1;C:\Program Files\TortoiseHg\;%svn%;C:\Program Files (x86)\cURL\bin;%JAVA_HOME%\bin;C:\Program Files (x86)\Windows Kits\8.1\Windows Performance Toolkit\;C:\Program Files (x86)\Heroku\bin;C:\Program Files (x86)\git\cmd;C:\Program Files (x86)\Git\cmd;C:\Windows\system32\config\systemprofile\.dnx\bin;C:\Program Files\Microsoft DNX\Dnvm\;C:\Program Files\Aladdin\eToken\PKIClient\x32;C:\Program Files\Aladdin\eToken\PKIClient\x64;C:\HashiCorp\Vagrant\bin;C:\Program Files\nodejs\;C:\Program Files (x86)\Windows Kits\8.1\Windows Performance Toolkit\;C:\Ruby22-x64\bin;C:\Program Files (x86)\CVSNT\;C:\Program Files\Java\jdk1.7.0_67\bin;C:\Materiales\Varios\play-2.1.2;C:\Materiales\Varios\maven_project\apache-maven-3.0.5\bin;C:\Materiales\Varios\Temas Varios\Scala\scala-2.10.2\bin;C:\AMISOFT;C:\Program Files\TortoiseHg;C:\Materiales\Varios\Temas Varios\JavaScript\Node.js\Ejemplos\AudioProject\selenium-driver;C:\Program Files (x86)\Java\jdk1.7.0_40\bin;C:\Program Files (x86)\SSH Communications Security\SSH Secure Shell;C:\Program Files (x86)\Android\android-sdk\platforms-tools;C:\Program Files (x86)\Android\android-sdk\tools;C:\Users\gconcha\AppData\Local\atom\bin;C:\Program Files (x86)\Microsoft VS Code\bin;C:\Users\gconcha\AppData\Local\.meteor\;C:\ProgramData\chocolatey\bin;C:\Users\gconcha\AppData\Roaming\npm;C:\SeleniumDriver
10 verbose lifecycle hadrone-web@0.0.0~start: CWD: C:\Users\gconcha\Programación\Electron\HadroneWeb
11 silly lifecycle hadrone-web@0.0.0~start: Args: [ '/d /s /c', 'node server.js' ]
12 silly lifecycle hadrone-web@0.0.0~start: Returned: code: 1  signal: null
13 info lifecycle hadrone-web@0.0.0~start: Failed to exec start script
14 verbose stack Error: hadrone-web@0.0.0 start: `node server.js`
14 verbose stack Exit status 1
14 verbose stack     at EventEmitter.<anonymous> (C:\Users\gconcha\AppData\Roaming\npm\node_modules\npm\lib\utils\lifecycle.js:232:16)
14 verbose stack     at emitTwo (events.js:87:13)
14 verbose stack     at EventEmitter.emit (events.js:172:7)
14 verbose stack     at ChildProcess.<anonymous> (C:\Users\gconcha\AppData\Roaming\npm\node_modules\npm\lib\utils\spawn.js:24:14)
14 verbose stack     at emitTwo (events.js:87:13)
14 verbose stack     at ChildProcess.emit (events.js:172:7)
14 verbose stack     at maybeClose (internal/child_process.js:821:16)
14 verbose stack     at Process.ChildProcess._handle.onexit (internal/child_process.js:211:5)
15 verbose pkgid hadrone-web@0.0.0
16 verbose cwd C:\Users\gconcha\Programación\Electron\HadroneWeb
17 error Windows_NT 6.1.7601
18 error argv "C:\\Program Files\\nodejs\\node.exe" "C:\\Users\\gconcha\\AppData\\Roaming\\npm\\node_modules\\npm\\bin\\npm-cli.js" "start"
19 error node v4.3.1
20 error npm  v3.5.2
21 error code ELIFECYCLE
22 error hadrone-web@0.0.0 start: `node server.js`
22 error Exit status 1
23 error Failed at the hadrone-web@0.0.0 start script 'node server.js'.
23 error Make sure you have the latest version of node.js and npm installed.
23 error If you do, this is most likely a problem with the hadrone-web package,
23 error not with npm itself.
23 error Tell the author that this fails on your system:
23 error     node server.js
23 error You can get information on how to open an issue for this project with:
23 error     npm bugs hadrone-web
23 error Or if that isn't available, you can get their info via:
23 error     npm owner ls hadrone-web
23 error There is likely additional logging output above.
24 verbose exit [ 1, true ]
